[2023-05-15 03:50:45] - Access - User Login - User rj.capsss logged in as Admin
[2023-05-15 03:51:42] - Access - User Logout - User rj.capsss logged out
[2023-05-15 03:54:18] - Error - Error Code: 500 - Internal Server Error
[2023-05-15 03:58:36] - Access - User Login - User rj.capsss logged in as Admin
[2023-05-15 03:58:49] - Access - User Logout - User rj.capsss logged out
[2023-05-15 04:05:01] - Access - User Login - User trainee.account logged in as Trainee
[2023-05-15 04:05:21] - Access - User Logout - User trainee.account logged out
[2023-05-15 04:09:00] - Access - User Login - User rj.capsss logged in as Admin
[2023-05-15 04:25:46] - Access - User Logout - User rj.capsss logged out
[2023-05-15 17:44:47] - Access - User Logout - User admin logged out
[2023-05-15 17:44:53] - Warning - Access Denied - Accessed Admin Dashboard without logging in
[2023-05-15 17:47:27] - Access - User Login - User admin has logged in as an Admin
[2023-05-15 17:47:27] - Warning - Access Denied - Accessing the Admin Dashboard without logging in first (or open file directly)
[2023-05-15 17:48:49] - Info - User Login - User admin has logged in as an Admin
[2023-05-15 18:04:17] - Info - User Login - User logged in as Admin
[2023-05-15 18:05:49] - Info - User Logout - User admin logged out
[2023-05-15 18:08:55] - Info - User Login - User logged in as Admin
[2023-05-15 18:57:17] - Info - User Logout - User admin logged out
[2023-05-16 14:08:55] - Info - User Login - User logged in as Admin
[2023-05-16 14:09:15] - Info - User Logout - User admin logged out
[2023-05-16 14:09:30] - Info - User Login - User logged in as Admin
[2023-05-16 14:09:42] - Info - User Logout - User admin logged out
[2023-05-17 01:18:06] - Info - User Login - User logged in as Admin
[2023-05-17 01:18:22] - Warning - Access Denied - User admin tried to access the Admin Dashboard without logging in first
[2023-05-19 03:47:47] - Info - User Login - User logged in as Admin
[2023-06-12 17:48:38] - Error - Request Timeout - The server timed out waiting for the request.
[2023-06-12 17:48:51] - Error - Request Timeout - The server timed out waiting for the request.
[2023-06-12 17:48:58] - Error - Unprocessable Entity - The request was well-formed but was unable to be followed due to semantic errors.
[2023-06-12 17:49:02] - Error - Method Not Allowed - A request method is not supported for the requested resource.
[2023-06-12 17:49:15] - Error - Proxy Authentication Required - The client must first authenticate itself with the proxy.
[2023-06-12 17:49:27] - Error - Conflict - Indicates that the request could not be processed because of conflict in the request, such as an edit conflict.
[2023-06-12 17:49:36] - Error - URI Too Long - The URI requested by the client is longer than the server is willing to interpret.
[2023-06-12 17:49:46] - Error - Gateway Timeout - The server was acting as a gateway or proxy and did not receive a timely response from the upstream server.
[2023-06-12 17:49:53] - Error - Expectation Failed - This HTTP status is used as an Easter egg in some websites, including Google.com.
[2023-06-12 17:53:13] - Error - Gateway Timeout - The server was acting as a gateway or proxy and did not receive a timely response from the upstream server.
[2023-06-12 17:53:20] - Error - URI Too Long - The URI requested by the client is longer than the server is willing to interpret.
[2023-06-12 17:53:28] - Error - Method Not Allowed - A request method is not supported for the requested resource.
[2023-06-12 17:53:35] - Error - Unprocessable Entity - The request was well-formed but was unable to be followed due to semantic errors.
[2023-06-16 11:53:35] - Error - Registration - There is an error in the registration process of the trainee
[2023-06-16 11:53:45] - Error - Registration - There is an error in the registration process of the trainee
[2023-06-17 12:34:48] - Error - Registration - There is an error in the registration process of the trainee
[2023-06-20 13:12:50] - Error - Registration - There is an error in the registration process of the trainee
[2023-06-20 13:14:58] - Error - Registration - There is an error in the registration process of the trainee
[2023-06-20 13:18:22] - Error - Registration - There is an error in the registration process of the trainee
[2023-06-21 02:23:01] - Error - Registration - There is an error in the registration process of the trainee
[2023-06-24 06:42:50] - Error - Internal Server Error - The server encountered an internal error or misconfiguration and was unable to complete your request.
[2023-06-24 06:42:57] - Error - Internal Server Error - The server encountered an internal error or misconfiguration and was unable to complete your request.
[2023-06-24 06:42:57] - Error - Internal Server Error - The server encountered an internal error or misconfiguration and was unable to complete your request.
[2023-06-24 06:43:05] - Error - Internal Server Error - The server encountered an internal error or misconfiguration and was unable to complete your request.
[2023-06-24 06:43:25] - Error - Internal Server Error - The server encountered an internal error or misconfiguration and was unable to complete your request.
[2023-06-24 06:44:01] - Error - Internal Server Error - The server encountered an internal error or misconfiguration and was unable to complete your request.
[2023-06-24 06:44:13] - Error - Internal Server Error - The server encountered an internal error or misconfiguration and was unable to complete your request.
[2023-06-24 06:44:15] - Error - Internal Server Error - The server encountered an internal error or misconfiguration and was unable to complete your request.
[2023-06-24 06:54:35] - Error - Internal Server Error - The server encountered an internal error or misconfiguration and was unable to complete your request.
[2023-06-24 06:54:37] - Error - Internal Server Error - The server encountered an internal error or misconfiguration and was unable to complete your request.
[2023-06-24 06:55:24] - Error - Internal Server Error - The server encountered an internal error or misconfiguration and was unable to complete your request.
[2023-06-24 06:55:31] - Error - Internal Server Error - The server encountered an internal error or misconfiguration and was unable to complete your request.
[2023-06-24 06:55:39] - Error - Internal Server Error - The server encountered an internal error or misconfiguration and was unable to complete your request.
[2023-06-24 06:56:00] - Error - Internal Server Error - The server encountered an internal error or misconfiguration and was unable to complete your request.
[2023-06-24 06:56:57] - Error - Internal Server Error - The server encountered an internal error or misconfiguration and was unable to complete your request.
[2023-06-24 06:57:35] - Error - Internal Server Error - The server encountered an internal error or misconfiguration and was unable to complete your request.
[2023-06-24 07:02:54] - Error - Registration - There is an error in the registration process of the trainee
[2023-06-24 07:03:34] - Error - Registration - There is an error in the registration process of the trainee
[2023-06-24 07:04:59] - Error - Registration - There is an error in the registration process of the trainee
[2023-06-24 07:07:10] - Error - Registration - There is an error in the registration process of the trainee
[2023-06-24 07:10:24] - Error - Registration - There is an error in the registration process of the trainee
[2023-06-24 07:18:21] - Error - Registration - There is an error in the registration process of the trainee
[2023-06-24 07:19:32] - Error - Registration - There is an error in the registration process of the trainee
[2023-06-24 07:19:38] - Error - Registration - There is an error in the registration process of the trainee
[2023-06-24 15:43:36] - Error - Registration - There is an error in the registration process of the trainee
[2023-06-24 15:46:24] - Error - Registration - There is an error in the registration process of the trainee
[2023-06-24 15:49:06] - Error - Registration - There is an error in the registration process of the trainee
[2023-06-24 15:49:11] - Error - Registration - There is an error in the registration process of the trainee
[2023-06-24 15:49:29] - Error - Registration - There is an error in the registration process of the trainee
[2023-06-24 15:49:31] - Error - Registration - There is an error in the registration process of the trainee
[2023-06-29 02:06:08] - Error - Registration - There is an error in the registration process of the trainee
[2023-06-29 02:11:11] - Error - Registration - There is an error in the registration process of the trainee
[2023-06-29 02:14:41] - Error - Registration - There is an error in the registration process of the trainee
[2023-06-29 02:14:57] - Error - Registration - There is an error in the registration process of the trainee
[2023-06-29 03:16:33] - Error - Registration - There is an error in the registration process of the trainee
[2023-06-29 03:19:07] - Error - Registration - There is an error in the registration process of the trainee
[2023-06-29 16:22:04] - Error - Registration - There is an error in the registration process of the trainee
[2023-06-29 16:23:13] - Error - Registration - There is an error in the registration process of the trainee
[2023-06-29 16:23:24] - Error - Registration - There is an error in the registration process of the trainee
[2023-06-29 16:23:45] - Error - Registration - There is an error in the registration process of the trainee
[2023-06-29 16:24:24] - Error - Registration - There is an error in the registration process of the trainee
[2023-06-29 16:25:30] - Error - Registration - There is an error in the registration process of the trainee
[2023-06-29 16:36:28] - Error - Registration - There is an error in the registration process of the trainee
[2023-06-29 16:37:11] - Error - Registration - There is an error in the registration process of the trainee
[2023-06-29 17:26:40] - Error - Registration - There is an error in the registration process of the trainee
[2023-06-29 17:28:07] - Error - Registration - There is an error in the registration process of the trainee
[2023-06-30 10:24:04] - Error - Registration - There is an error in the registration process of the trainee
[2023-07-03 05:48:49] - Error - Registration - There is an error in the registration process of the trainee
[2023-07-06 04:24:32] - Error - Registration - There is an error in the registration process of the trainee
[2023-07-06 04:25:33] - Error - Registration - There is an error in the registration process of the trainee
[2023-07-06 04:29:00] - Error - Registration - There is an error in the registration process of the trainee
[2023-07-06 04:35:05] - Error - Registration - There is an error in the registration process of the trainee
[2023-07-11 10:29:45] - Error - Registration - There is an error in the registration process of the trainee
[2023-07-11 11:30:15] - Error - Registration - There is an error in the registration process of the trainee
[2023-07-12 06:02:53] - Error - Registration - There is an error in the registration process of the trainee
[2023-07-12 06:04:15] - Error - Registration - There is an error in the registration process of the trainee
[2023-07-13 08:12:44] - Error - Registration - There is an error in the registration process of the trainee
[2023-07-13 08:14:00] - Error - Registration - There is an error in the registration process of the trainee
[2023-08-11 12:36:38] - Error - Registration - There is an error in the registration process of the trainee
[2023-08-11 18:17:29] - Error - Registration - There is an error in the registration process of the trainee
[2023-08-14 15:05:51] - Error - Page Not Found - The webpage might be temporarily down or it may have moved permanently to a new web address.
[2023-08-14 15:06:13] - Error - Page Not Found - The webpage might be temporarily down or it may have moved permanently to a new web address.
[2023-08-14 15:06:25] - Error - TCPDF ERROR - TCPDF requires the Imagick or GD extension to handle PNG images with alpha channel.
[2023-08-14 15:11:32] - Error - TCPDF ERROR - TCPDF requires the Imagick or GD extension to handle PNG images with alpha channel.
[2023-08-14 15:11:43] - Error - Page Not Found - The webpage might be temporarily down or it may have moved permanently to a new web address.
[2023-08-14 15:11:47] - Error - TCPDF ERROR - TCPDF requires the Imagick or GD extension to handle PNG images with alpha channel.
[2023-08-14 15:33:21] - Error - TCPDF ERROR - TCPDF requires the Imagick or GD extension to handle PNG images with alpha channel.
[2023-08-14 15:34:09] - Error - TCPDF ERROR - TCPDF requires the Imagick or GD extension to handle PNG images with alpha channel.
[2023-08-14 15:35:24] - Error - TCPDF ERROR - TCPDF requires the Imagick or GD extension to handle PNG images with alpha channel.
[2023-08-15 15:52:57] - Error - Registration - There is an error in the registration process of the trainee
[2023-08-15 16:30:32] - Error - Registration - There is an error in the registration process of the trainee
[2023-08-16 02:01:55] - Error - Registration - There is an error in the registration process of the trainee
[2023-08-16 02:03:50] - Error - Registration - There is an error in the registration process of the trainee
[2023-08-16 02:04:21] - Error - Registration - There is an error in the registration process of the trainee
[2023-08-16 02:04:41] - Error - Registration - There is an error in the registration process of the trainee
[2023-08-16 02:05:13] - Error - Registration - There is an error in the registration process of the trainee
[2023-08-16 02:05:32] - Error - Registration - There is an error in the registration process of the trainee
[2023-08-16 02:05:46] - Error - Registration - There is an error in the registration process of the trainee
[2023-08-16 02:06:16] - Error - Registration - There is an error in the registration process of the trainee
[2023-08-16 02:06:19] - Error - Registration - There is an error in the registration process of the trainee
[2023-08-16 02:07:40] - Error - Registration - There is an error in the registration process of the trainee
[2023-08-16 02:08:32] - Error - Registration - There is an error in the registration process of the trainee
[2023-08-16 02:09:40] - Error - Registration - There is an error in the registration process of the trainee
[2023-08-16 02:09:54] - Error - Registration - There is an error in the registration process of the trainee
[2023-08-16 02:10:27] - Error - Registration - There is an error in the registration process of the trainee
[2023-08-16 02:12:52] - Error - Registration - There is an error in the registration process of the trainee
[2023-08-16 03:31:54] - Error - Registration - There is an error in the registration process of the trainee
[2023-08-17 09:15:04] - Error - Registration - There is an error in the registration process of the trainee
[2023-08-17 09:15:08] - Error - Registration - There is an error in the registration process of the trainee
[2023-08-17 09:17:03] - Error - Registration - There is an error in the registration process of the trainee
[2023-08-17 09:17:36] - Error - Registration - There is an error in the registration process of the trainee
[2023-08-17 09:17:38] - Error - Registration - There is an error in the registration process of the trainee
[2023-08-17 09:17:45] - Error - Registration - There is an error in the registration process of the trainee
[2023-08-17 09:18:55] - Error - Registration - There is an error in the registration process of the trainee
[2023-08-17 09:22:41] - Error - Registration - There is an error in the registration process of the trainee
[2023-08-17 19:00:41] - Error - Registration - There is an error in the registration process of the trainee
[2023-08-18 02:06:11] - Error - Registration - There is an error in the registration process of the trainee
